  [1m[35m (100.2ms)[0m  [1m[35mCREATE DATABASE "crypto_tracker_backend_development" ENCODING = 'unicode'[0m
  [1m[35m (96.0ms)[0m  [1m[35mCREATE DATABASE "crypto_tracker_backend_test" ENCODING = 'unicode'[0m
  [1m[35m (8.9ms)[0m  [1m[35mCREATE TABLE "schema_migrations" ("version" character varying NOT NULL PRIMARY KEY)[0m
  [1m[35m (5.0ms)[0m  [1m[35mCREATE TABLE "ar_internal_metadata" ("key" character varying NOT NULL PRIMARY KEY, "value" character varying, "created_at" timestamp(6) NOT NULL, "updated_at" timestamp(6) NOT NULL)[0m
  [1m[35m (0.3ms)[0m  [1m[34mSELECT pg_try_advisory_lock(509984136401127885)[0m
  [1m[35m (1.1ms)[0m  [1m[34mSELECT "schema_migrations"."version" FROM "schema_migrations" ORDER BY "schema_migrations"."version" ASC[0m
Migrating to CreateCoins (20200706223506)
  [1m[35m (0.2ms)[0m  [1m[35mBEGIN[0m
  [1m[35m (9.6ms)[0m  [1m[35mCREATE TABLE "coins" ("id" bigserial primary key, "name" character varying, "ticker_symbol" character varying, "ticker_image" character varying, "landing_page" character varying, "status" character varying, "color" character varying, "balance" float, "created_at" timestamp(6) NOT NULL, "updated_at" timestamp(6) NOT NULL)[0m
  [1m[36mprimary::SchemaMigration Create (3.6ms)[0m  [1m[32mINSERT INTO "schema_migrations" ("version") VALUES ($1) RETURNING "version"[0m  [["version", "20200706223506"]]
  [1m[35m (0.5ms)[0m  [1m[35mCOMMIT[0m
  [1m[36mActiveRecord::InternalMetadata Load (0.8ms)[0m  [1m[34mSELECT "ar_internal_metadata".* FROM "ar_internal_metadata" WHERE "ar_internal_metadata"."key" = $1 LIMIT $2[0m  [["key", "environment"], ["LIMIT", 1]]
  [1m[35m (0.5ms)[0m  [1m[35mBEGIN[0m
  [1m[36mActiveRecord::InternalMetadata Create (1.1ms)[0m  [1m[32mINSERT INTO "ar_internal_metadata" ("key", "value", "created_at", "updated_at") VALUES ($1, $2, $3, $4) RETURNING "key"[0m  [["key", "environment"], ["value", "development"], ["created_at", "2020-07-06 22:46:47.126236"], ["updated_at", "2020-07-06 22:46:47.126236"]]
  [1m[35m (0.4ms)[0m  [1m[35mCOMMIT[0m
  [1m[35m (0.4ms)[0m  [1m[34mSELECT pg_advisory_unlock(509984136401127885)[0m
  [1m[35m (0.9ms)[0m  [1m[34mSELECT "schema_migrations"."version" FROM "schema_migrations" ORDER BY "schema_migrations"."version" ASC[0m
  [1m[35m (1.1ms)[0m  [1m[34mSELECT "schema_migrations"."version" FROM "schema_migrations" ORDER BY "schema_migrations"."version" ASC[0m
  [1m[36mCoin Load (0.8ms)[0m  [1m[34mSELECT "coins".* FROM "coins"[0m
  [1m[35m (0.2ms)[0m  [1m[35mBEGIN[0m
  [1m[36mCoin Create (1.1ms)[0m  [1m[32mINSERT INTO "coins" ("name", "ticker_symbol", "ticker_image", "landing_page", "status", "color", "balance", "created_at", "updated_at") VALUES ($1, $2, $3, $4, $5, $6, $7, $8, $9) RETURNING "id"[0m  [["name", "Bitcoin"], ["ticker_symbol", "BTC"], ["ticker_image", "https://s2.coinmarketcap.com/static/img/coins/32x32/1.png"], ["landing_page", "https://bitcoin.org/en/"], ["status", "mature"], ["color", "red"], ["balance", 4.564], ["created_at", "2020-07-06 23:08:13.852522"], ["updated_at", "2020-07-06 23:08:13.852522"]]
  [1m[35m (1.3ms)[0m  [1m[35mCOMMIT[0m
  [1m[35m (0.2ms)[0m  [1m[35mBEGIN[0m
  [1m[36mCoin Create (0.6ms)[0m  [1m[32mINSERT INTO "coins" ("name", "ticker_symbol", "ticker_image", "landing_page", "status", "color", "balance", "created_at", "updated_at") VALUES ($1, $2, $3, $4, $5, $6, $7, $8, $9) RETURNING "id"[0m  [["name", "Ethereum"], ["ticker_symbol", "ETH"], ["ticker_image", "https://s2.coinmarketcap.com/static/img/coins/32x32/1027.png"], ["landing_page", "https://ethereum.org/en/"], ["status", "mature"], ["color", "green"], ["balance", 3.034], ["created_at", "2020-07-06 23:08:13.860985"], ["updated_at", "2020-07-06 23:08:13.860985"]]
  [1m[35m (0.4ms)[0m  [1m[35mCOMMIT[0m
  [1m[35m (0.1ms)[0m  [1m[35mBEGIN[0m
  [1m[36mCoin Create (0.4ms)[0m  [1m[32mINSERT INTO "coins" ("name", "ticker_symbol", "ticker_image", "landing_page", "status", "color", "balance", "created_at", "updated_at") VALUES ($1, $2, $3, $4, $5, $6, $7, $8, $9) RETURNING "id"[0m  [["name", "Monero"], ["ticker_symbol", "XMR"], ["ticker_image", "https://s2.coinmarketcap.com/static/img/coins/32x32/328.png"], ["landing_page", "https://web.getmonero.org/"], ["status", "stable"], ["color", "blue"], ["balance", 9.384], ["created_at", "2020-07-06 23:08:13.874734"], ["updated_at", "2020-07-06 23:08:13.874734"]]
  [1m[35m (0.4ms)[0m  [1m[35mCOMMIT[0m
  [1m[36mCoin Load (0.4ms)[0m  [1m[34mSELECT "coins".* FROM "coins"[0m
  [1m[36mCoin Load (0.5ms)[0m  [1m[34mSELECT "coins".* FROM "coins" LIMIT $1[0m  [["LIMIT", 11]]
Started GET "/coins" for ::1 at 2020-07-06 19:11:11 -0400
  [1m[35m (1.1ms)[0m  [1m[34mSELECT "schema_migrations"."version" FROM "schema_migrations" ORDER BY "schema_migrations"."version" ASC[0m
Processing by CoinsController#index as HTML
  [1m[36mCoin Load (1.0ms)[0m  [1m[34mSELECT "coins".* FROM "coins"[0m
  ↳ app/controllers/coins_controller.rb:5:in `index'
[active_model_serializers] Rendered ActiveModel::Serializer::CollectionSerializer with ActiveModelSerializers::Adapter::Attributes (1.07ms)
Completed 200 OK in 43ms (Views: 31.6ms | ActiveRecord: 9.0ms | Allocations: 11628)


Started GET "/coins/" for ::1 at 2020-07-07 19:09:46 -0400
  [1m[35m (1.3ms)[0m  [1m[34mSELECT "schema_migrations"."version" FROM "schema_migrations" ORDER BY "schema_migrations"."version" ASC[0m
Processing by CoinsController#index as */*
  [1m[36mCoin Load (1.1ms)[0m  [1m[34mSELECT "coins".* FROM "coins"[0m
  ↳ app/controllers/coins_controller.rb:5:in `index'
[active_model_serializers] Rendered ActiveModel::Serializer::CollectionSerializer with ActiveModelSerializers::Adapter::Attributes (1.35ms)
Completed 200 OK in 33ms (Views: 20.9ms | ActiveRecord: 7.0ms | Allocations: 10526)


Started GET "/coins/" for ::1 at 2020-07-07 19:10:14 -0400
Processing by CoinsController#index as */*
  [1m[36mCoin Load (36.4ms)[0m  [1m[34mSELECT "coins".* FROM "coins"[0m
  ↳ app/controllers/coins_controller.rb:5:in `index'
[active_model_serializers] Rendered ActiveModel::Serializer::CollectionSerializer with ActiveModelSerializers::Adapter::Attributes (0.9ms)
Completed 200 OK in 41ms (Views: 4.0ms | ActiveRecord: 36.4ms | Allocations: 1598)


Started GET "/coins/" for ::1 at 2020-07-07 19:30:48 -0400
Processing by CoinsController#index as */*
  [1m[36mCoin Load (0.9ms)[0m  [1m[34mSELECT "coins".* FROM "coins"[0m
  ↳ app/controllers/coins_controller.rb:5:in `index'
[active_model_serializers] Rendered ActiveModel::Serializer::CollectionSerializer with ActiveModelSerializers::Adapter::Attributes (1.37ms)
Completed 200 OK in 19ms (Views: 16.8ms | ActiveRecord: 0.9ms | Allocations: 8538)


Started GET "/coins/" for ::1 at 2020-07-07 19:30:54 -0400
Processing by CoinsController#index as */*
  [1m[36mCoin Load (0.5ms)[0m  [1m[34mSELECT "coins".* FROM "coins"[0m
  ↳ app/controllers/coins_controller.rb:5:in `index'
[active_model_serializers] Rendered ActiveModel::Serializer::CollectionSerializer with ActiveModelSerializers::Adapter::Attributes (0.72ms)
Completed 200 OK in 4ms (Views: 2.8ms | ActiveRecord: 0.5ms | Allocations: 1598)


Started POST "/coins/" for ::1 at 2020-07-07 20:03:20 -0400
Processing by CoinsController#create as JSON
  Parameters: {"name"=>"Litecoin", "tickerSymbol"=>"LTC", "tickerImage"=>"https://s2.coinmarketcap.com/static/img/coins/32x32/2.png", "landingPage"=>"https://litecoin.org/", "status"=>"mature", "color"=>"blue", "balance"=>2.894, "coin"=>{"name"=>"Litecoin", "status"=>"mature", "color"=>"blue", "balance"=>2.894}}
  [1m[35m (0.2ms)[0m  [1m[35mBEGIN[0m
  ↳ app/controllers/coins_controller.rb:9:in `create'
  [1m[36mCoin Create (4.3ms)[0m  [1m[32mINSERT INTO "coins" ("name", "ticker_symbol", "ticker_image", "landing_page", "status", "color", "balance", "created_at", "updated_at") VALUES ($1, $2, $3, $4, $5, $6, $7, $8, $9) RETURNING "id"[0m  [["name", "Litecoin"], ["ticker_symbol", "LTC"], ["ticker_image", "https://s2.coinmarketcap.com/static/img/coins/32x32/2.png"], ["landing_page", "https://litecoin.org/"], ["status", "mature"], ["color", "blue"], ["balance", 2.894], ["created_at", "2020-07-08 00:03:20.597185"], ["updated_at", "2020-07-08 00:03:20.597185"]]
  ↳ app/controllers/coins_controller.rb:9:in `create'
  [1m[35m (0.6ms)[0m  [1m[35mCOMMIT[0m
  ↳ app/controllers/coins_controller.rb:9:in `create'
[active_model_serializers] Rendered CoinSerializer with ActiveModelSerializers::Adapter::Attributes (0.39ms)
Completed 200 OK in 22ms (Views: 1.0ms | ActiveRecord: 5.0ms | Allocations: 2908)


Started POST "/coins/" for ::1 at 2020-07-07 20:03:31 -0400
Processing by CoinsController#create as JSON
  Parameters: {"name"=>"Litecoin", "tickerSymbol"=>"LTC", "tickerImage"=>"https://s2.coinmarketcap.com/static/img/coins/32x32/2.png", "landingPage"=>"https://litecoin.org/", "status"=>"mature", "color"=>"blue", "balance"=>2.894, "coin"=>{"name"=>"Litecoin", "status"=>"mature", "color"=>"blue", "balance"=>2.894}}
  [1m[35m (0.2ms)[0m  [1m[35mBEGIN[0m
  ↳ app/controllers/coins_controller.rb:9:in `create'
  [1m[36mCoin Create (0.4ms)[0m  [1m[32mINSERT INTO "coins" ("name", "ticker_symbol", "ticker_image", "landing_page", "status", "color", "balance", "created_at", "updated_at") VALUES ($1, $2, $3, $4, $5, $6, $7, $8, $9) RETURNING "id"[0m  [["name", "Litecoin"], ["ticker_symbol", "LTC"], ["ticker_image", "https://s2.coinmarketcap.com/static/img/coins/32x32/2.png"], ["landing_page", "https://litecoin.org/"], ["status", "mature"], ["color", "blue"], ["balance", 2.894], ["created_at", "2020-07-08 00:03:31.294570"], ["updated_at", "2020-07-08 00:03:31.294570"]]
  ↳ app/controllers/coins_controller.rb:9:in `create'
  [1m[35m (1.2ms)[0m  [1m[35mCOMMIT[0m
  ↳ app/controllers/coins_controller.rb:9:in `create'
[active_model_serializers] Rendered CoinSerializer with ActiveModelSerializers::Adapter::Attributes (0.42ms)
Completed 200 OK in 6ms (Views: 0.9ms | ActiveRecord: 1.8ms | Allocations: 2686)


  [1m[36mCoin Load (0.8ms)[0m  [1m[34mSELECT "coins".* FROM "coins" LIMIT $1[0m  [["LIMIT", 11]]
  [1m[36mCoin Load (0.5ms)[0m  [1m[34mSELECT "coins".* FROM "coins" ORDER BY "coins"."id" DESC LIMIT $1[0m  [["LIMIT", 1]]
  [1m[35m (0.2ms)[0m  [1m[35mBEGIN[0m
  [1m[36mCoin Destroy (2.0ms)[0m  [1m[31mDELETE FROM "coins" WHERE "coins"."id" = $1[0m  [["id", 5]]
  [1m[35m (1.4ms)[0m  [1m[35mCOMMIT[0m
  [1m[36mCoin Load (0.5ms)[0m  [1m[34mSELECT "coins".* FROM "coins" LIMIT $1[0m  [["LIMIT", 11]]
Started GET "/coins/2" for ::1 at 2020-07-07 21:08:36 -0400
Processing by CoinsController#show as */*
  Parameters: {"id"=>"2"}
  [1m[36mCoin Load (1.0ms)[0m  [1m[34mSELECT "coins".* FROM "coins" WHERE "coins"."id" = $1 LIMIT $2[0m  [["id", 2], ["LIMIT", 1]]
  ↳ app/controllers/coins_controller.rb:36:in `show'
[active_model_serializers] Rendered CoinSerializer with ActiveModelSerializers::Adapter::Attributes (0.39ms)
Completed 200 OK in 37ms (Views: 1.3ms | ActiveRecord: 1.3ms | Allocations: 8272)


Started GET "/coins/2" for ::1 at 2020-07-07 21:09:41 -0400
Processing by CoinsController#show as */*
  Parameters: {"id"=>"2"}
  [1m[36mCoin Load (0.3ms)[0m  [1m[34mSELECT "coins".* FROM "coins" WHERE "coins"."id" = $1 LIMIT $2[0m  [["id", 2], ["LIMIT", 1]]
  ↳ app/controllers/coins_controller.rb:36:in `show'
[active_model_serializers] Rendered CoinSerializer with ActiveModelSerializers::Adapter::Attributes (0.26ms)
Completed 200 OK in 2ms (Views: 0.6ms | ActiveRecord: 0.3ms | Allocations: 891)


Started PATCH "/coins/1" for ::1 at 2020-07-07 21:26:55 -0400
Error occurred while parsing request parameters.
Contents:

{
    "field": "color"
    "color": "blue"
}
  
ActionDispatch::Http::Parameters::ParseError (767: unexpected token at '{
    "field": "color"
    "color": "blue"
}'):
  
actionpack (6.0.3.2) lib/action_dispatch/http/parameters.rb:114:in `rescue in parse_formatted_parameters'
actionpack (6.0.3.2) lib/action_dispatch/http/parameters.rb:110:in `parse_formatted_parameters'
actionpack (6.0.3.2) lib/action_dispatch/http/request.rb:389:in `block in POST'
rack (2.2.3) lib/rack/request.rb:69:in `fetch'
rack (2.2.3) lib/rack/request.rb:69:in `fetch_header'
actionpack (6.0.3.2) lib/action_dispatch/http/request.rb:388:in `POST'
actionpack (6.0.3.2) lib/action_dispatch/http/parameters.rb:55:in `parameters'
actionpack (6.0.3.2) lib/action_controller/metal/params_wrapper.rb:278:in `_wrapper_enabled?'
actionpack (6.0.3.2) lib/action_controller/metal/params_wrapper.rb:244:in `process_action'
activerecord (6.0.3.2) lib/active_record/railties/controller_runtime.rb:27:in `process_action'
actionpack (6.0.3.2) lib/abstract_controller/base.rb:136:in `process'
actionpack (6.0.3.2) lib/action_controller/metal.rb:190:in `dispatch'
actionpack (6.0.3.2) lib/action_controller/metal.rb:254:in `dispatch'
actionpack (6.0.3.2) lib/action_dispatch/routing/route_set.rb:50:in `dispatch'
actionpack (6.0.3.2) lib/action_dispatch/routing/route_set.rb:33:in `serve'
actionpack (6.0.3.2) lib/action_dispatch/journey/router.rb:49:in `block in serve'
actionpack (6.0.3.2) lib/action_dispatch/journey/router.rb:32:in `each'
actionpack (6.0.3.2) lib/action_dispatch/journey/router.rb:32:in `serve'
actionpack (6.0.3.2) lib/action_dispatch/routing/route_set.rb:834:in `call'
rack (2.2.3) lib/rack/etag.rb:27:in `call'
rack (2.2.3) lib/rack/conditional_get.rb:40:in `call'
rack (2.2.3) lib/rack/head.rb:12:in `call'
activerecord (6.0.3.2) lib/active_record/migration.rb:567:in `call'
actionpack (6.0.3.2) lib/action_dispatch/middleware/callbacks.rb:27:in `block in call'
activesupport (6.0.3.2) lib/active_support/callbacks.rb:101:in `run_callbacks'
actionpack (6.0.3.2) lib/action_dispatch/middleware/callbacks.rb:26:in `call'
actionpack (6.0.3.2) lib/action_dispatch/middleware/executor.rb:14:in `call'
actionpack (6.0.3.2) lib/action_dispatch/middleware/actionable_exceptions.rb:17:in `call'
actionpack (6.0.3.2) lib/action_dispatch/middleware/debug_exceptions.rb:32:in `call'
actionpack (6.0.3.2) lib/action_dispatch/middleware/show_exceptions.rb:33:in `call'
railties (6.0.3.2) lib/rails/rack/logger.rb:37:in `call_app'
railties (6.0.3.2) lib/rails/rack/logger.rb:26:in `block in call'
activesupport (6.0.3.2) lib/active_support/tagged_logging.rb:80:in `block in tagged'
activesupport (6.0.3.2) lib/active_support/tagged_logging.rb:28:in `tagged'
activesupport (6.0.3.2) lib/active_support/tagged_logging.rb:80:in `tagged'
railties (6.0.3.2) lib/rails/rack/logger.rb:26:in `call'
actionpack (6.0.3.2) lib/action_dispatch/middleware/remote_ip.rb:81:in `call'
actionpack (6.0.3.2) lib/action_dispatch/middleware/request_id.rb:27:in `call'
rack (2.2.3) lib/rack/runtime.rb:22:in `call'
activesupport (6.0.3.2) lib/active_support/cache/strategy/local_cache_middleware.rb:29:in `call'
actionpack (6.0.3.2) lib/action_dispatch/middleware/executor.rb:14:in `call'
actionpack (6.0.3.2) lib/action_dispatch/middleware/static.rb:126:in `call'
rack (2.2.3) lib/rack/sendfile.rb:110:in `call'
actionpack (6.0.3.2) lib/action_dispatch/middleware/host_authorization.rb:82:in `call'
rack-cors (1.1.1) lib/rack/cors.rb:100:in `call'
railties (6.0.3.2) lib/rails/engine.rb:527:in `call'
puma (4.3.5) lib/puma/configuration.rb:228:in `call'
puma (4.3.5) lib/puma/server.rb:713:in `handle_request'
puma (4.3.5) lib/puma/server.rb:472:in `process_client'
puma (4.3.5) lib/puma/server.rb:328:in `block in run'
puma (4.3.5) lib/puma/thread_pool.rb:134:in `block in spawn_thread'
Error occurred while parsing request parameters.
Contents:

{
    "field": "color"
    "color": "blue"
}
Started PATCH "/coins/1" for ::1 at 2020-07-07 21:27:37 -0400
Processing by CoinsController#update as JSON
  Parameters: {"field"=>"color", "color"=>"blue", "id"=>"1", "coin"=>{"color"=>"blue"}}
  [1m[36mCoin Load (0.6ms)[0m  [1m[34mSELECT "coins".* FROM "coins" WHERE "coins"."id" = $1 LIMIT $2[0m  [["id", 1], ["LIMIT", 1]]
  ↳ (byebug):1:in `update'
  [1m[35m (0.2ms)[0m  [1m[35mBEGIN[0m
  ↳ (byebug):1:in `update'
  [1m[36mCoin Update (1.3ms)[0m  [1m[33mUPDATE "coins" SET "color" = $1, "updated_at" = $2 WHERE "coins"."id" = $3[0m  [["color", "blue"], ["updated_at", "2020-07-08 01:36:23.470637"], ["id", 1]]
  ↳ (byebug):1:in `update'
  [1m[35m (1.9ms)[0m  [1m[35mCOMMIT[0m
  ↳ (byebug):1:in `update'
Completed 500 Internal Server Error in 927276ms (ActiveRecord: 4.2ms | Allocations: 194592)


  
SystemExit (exit):
  
(byebug):1:in `exit'
(byebug):1:in `update'
app/controllers/coins_controller.rb:33:in `update'
Started PATCH "/coins/1" for ::1 at 2020-07-07 21:43:53 -0400
Processing by CoinsController#update as JSON
  Parameters: {"color"=>"blue", "id"=>"1", "coin"=>{"color"=>"blue"}}
[31mUnpermitted parameters: :color, :id, :coin[0m
Completed 500 Internal Server Error in 250127ms (ActiveRecord: 13.2ms | Allocations: 41243)


  
SystemExit (exit):
  
(byebug):1:in `exit'
(byebug):1:in `update'
app/controllers/coins_controller.rb:40:in `update'
Started PATCH "/coins/1" for ::1 at 2020-07-07 21:51:16 -0400
Processing by CoinsController#update as JSON
  Parameters: {"color"=>"yellow", "id"=>"1", "coin"=>{"color"=>"yellow"}}
  [1m[36mCoin Load (1.0ms)[0m  [1m[34mSELECT "coins".* FROM "coins" WHERE "coins"."id" = $1 LIMIT $2[0m  [["id", 1], ["LIMIT", 1]]
  ↳ app/controllers/coins_controller.rb:32:in `update'
  [1m[35m (1.1ms)[0m  [1m[35mBEGIN[0m
  ↳ app/controllers/coins_controller.rb:34:in `update'
  [1m[36mCoin Update (3.4ms)[0m  [1m[33mUPDATE "coins" SET "color" = $1, "updated_at" = $2 WHERE "coins"."id" = $3[0m  [["color", "yellow"], ["updated_at", "2020-07-08 01:51:19.095988"], ["id", 1]]
  ↳ app/controllers/coins_controller.rb:34:in `update'
  [1m[35m (2.0ms)[0m  [1m[35mCOMMIT[0m
  ↳ app/controllers/coins_controller.rb:34:in `update'
[active_model_serializers] Rendered CoinSerializer with ActiveModelSerializers::Adapter::Attributes (17.82ms)
Completed 200 OK in 397ms (Views: 41.1ms | ActiveRecord: 23.9ms | Allocations: 2252064)


Started PATCH "/coins/1" for ::1 at 2020-07-07 21:59:20 -0400
Processing by CoinsController#update as JSON
  Parameters: {"color"=>"orange", "id"=>"1", "coin"=>{"color"=>"orange"}}
  [1m[36mCoin Load (1.9ms)[0m  [1m[34mSELECT "coins".* FROM "coins" WHERE "coins"."id" = $1 LIMIT $2[0m  [["id", 1], ["LIMIT", 1]]
  ↳ app/controllers/coins_controller.rb:32:in `update'
  [1m[35m (1.0ms)[0m  [1m[35mBEGIN[0m
  ↳ app/controllers/coins_controller.rb:34:in `update'
  [1m[36mCoin Update (2.2ms)[0m  [1m[33mUPDATE "coins" SET "color" = $1, "updated_at" = $2 WHERE "coins"."id" = $3[0m  [["color", "orange"], ["updated_at", "2020-07-08 01:59:20.694958"], ["id", 1]]
  ↳ app/controllers/coins_controller.rb:34:in `update'
  [1m[35m (2.2ms)[0m  [1m[35mCOMMIT[0m
  ↳ app/controllers/coins_controller.rb:34:in `update'
[active_model_serializers] Rendered CoinSerializer with ActiveModelSerializers::Adapter::Attributes (11.7ms)
Completed 200 OK in 172ms (Views: 24.5ms | ActiveRecord: 8.5ms | Allocations: 1156577)


Started PATCH "/coins/1" for ::1 at 2020-07-07 22:00:52 -0400
Processing by CoinsController#update as JSON
  Parameters: {"color"=>"blue", "id"=>"1", "coin"=>{"color"=>"blue"}}
  [1m[36mCoin Load (1.6ms)[0m  [1m[34mSELECT "coins".* FROM "coins" WHERE "coins"."id" = $1 LIMIT $2[0m  [["id", 1], ["LIMIT", 1]]
  ↳ app/controllers/coins_controller.rb:32:in `update'
  [1m[35m (4.3ms)[0m  [1m[35mBEGIN[0m
  ↳ app/controllers/coins_controller.rb:34:in `update'
  [1m[36mCoin Update (2.0ms)[0m  [1m[33mUPDATE "coins" SET "color" = $1, "updated_at" = $2 WHERE "coins"."id" = $3[0m  [["color", "blue"], ["updated_at", "2020-07-08 02:00:52.930912"], ["id", 1]]
  ↳ app/controllers/coins_controller.rb:34:in `update'
  [1m[35m (2.0ms)[0m  [1m[35mCOMMIT[0m
  ↳ app/controllers/coins_controller.rb:34:in `update'
[active_model_serializers] Rendered CoinSerializer with ActiveModelSerializers::Adapter::Attributes (10.02ms)
Completed 200 OK in 159ms (Views: 23.6ms | ActiveRecord: 10.0ms | Allocations: 1089591)


